c:\users\lenan\source\repos\oop_project_1\oop_project_1\x64\debug\vc143.pdb
c:\users\lenan\source\repos\oop_project_1\oop_project_1\x64\debug\vc143.idb
c:\users\lenan\source\repos\oop_project_1\oop_project_1\x64\debug\fieldbuilder.obj
c:\users\lenan\source\repos\oop_project_1\oop_project_1\x64\debug\draw_field.obj
c:\users\lenan\source\repos\oop_project_1\oop_project_1\x64\debug\field.obj
c:\users\lenan\source\repos\oop_project_1\oop_project_1\x64\debug\factory.obj
c:\users\lenan\source\repos\oop_project_1\oop_project_1\x64\debug\error_message.obj
c:\users\lenan\source\repos\oop_project_1\oop_project_1\x64\debug\error_log.obj
c:\users\lenan\source\repos\oop_project_1\oop_project_1\x64\debug\end_message.obj
c:\users\lenan\source\repos\oop_project_1\oop_project_1\x64\debug\ending.obj
c:\users\lenan\source\repos\oop_project_1\oop_project_1\x64\debug\empty_message.obj
c:\users\lenan\source\repos\oop_project_1\oop_project_1\x64\debug\draw_player.obj
c:\users\lenan\source\repos\oop_project_1\oop_project_1\x64\debug\creator.obj
c:\users\lenan\source\repos\oop_project_1\oop_project_1\x64\debug\control_scan.obj
c:\users\lenan\source\repos\oop_project_1\oop_project_1\x64\debug\control_gui.obj
c:\users\lenan\source\repos\oop_project_1\oop_project_1\x64\debug\controller.obj
c:\users\lenan\source\repos\oop_project_1\oop_project_1\x64\debug\console_logger.obj
c:\users\lenan\source\repos\oop_project_1\oop_project_1\x64\debug\command_processing.obj
c:\users\lenan\source\repos\oop_project_1\oop_project_1\x64\debug\clear.obj
c:\users\lenan\source\repos\oop_project_1\oop_project_1\x64\debug\cell.obj
c:\users\lenan\source\repos\oop_project_1\oop_project_1\x64\debug\berry_message.obj
c:\users\lenan\source\repos\oop_project_1\oop_project_1\x64\debug\berry.obj
c:\users\lenan\source\repos\oop_project_1\oop_project_1\x64\debug\second_level.obj
c:\users\lenan\source\repos\oop_project_1\oop_project_1\x64\debug\first_level.obj
c:\users\lenan\source\repos\oop_project_1\oop_project_1\x64\debug\scoreboard.obj
c:\users\lenan\source\repos\oop_project_1\oop_project_1\x64\debug\play_message.obj
c:\users\lenan\source\repos\oop_project_1\oop_project_1\x64\debug\play_log.obj
c:\users\lenan\source\repos\oop_project_1\oop_project_1\x64\debug\player.obj
c:\users\lenan\source\repos\oop_project_1\oop_project_1\x64\debug\mushroom_message.obj
c:\users\lenan\source\repos\oop_project_1\oop_project_1\x64\debug\event_manager.obj
c:\users\lenan\source\repos\oop_project_1\oop_project_1\x64\debug\mushroom.obj
c:\users\lenan\source\repos\oop_project_1\oop_project_1\x64\debug\keyapearance.obj
c:\users\lenan\source\repos\oop_project_1\oop_project_1\x64\debug\key.obj
c:\users\lenan\source\repos\oop_project_1\oop_project_1\x64\debug\message.obj
c:\users\lenan\source\repos\oop_project_1\oop_project_1\x64\debug\logtype.obj
c:\users\lenan\source\repos\oop_project_1\oop_project_1\x64\debug\logger_pool.obj
c:\users\lenan\source\repos\oop_project_1\oop_project_1\x64\debug\key_message.obj
c:\users\lenan\source\repos\oop_project_1\oop_project_1\x64\debug\impassible_message.obj
c:\users\lenan\source\repos\oop_project_1\oop_project_1\x64\debug\game_message.obj
c:\users\lenan\source\repos\oop_project_1\oop_project_1\x64\debug\game_log.obj
c:\users\lenan\source\repos\oop_project_1\oop_project_1\x64\debug\game.obj
c:\users\lenan\source\repos\oop_project_1\oop_project_1\x64\debug\file_logger.obj
c:\users\lenan\source\repos\oop_project_1\oop_project_1\x64\debug\window_command.obj
c:\users\lenan\source\repos\oop_project_1\oop_project_1\x64\debug\window.obj
c:\users\lenan\source\repos\oop_project_1\oop_project_1\x64\debug\start_message.obj
c:\users\lenan\source\repos\oop_project_1\oop_project_1\x64\debug\spawn_berry_event.obj
c:\users\lenan\source\repos\oop_project_1\oop_project_1\x64\debug\source.obj
c:\users\lenan\source\repos\oop_project_1\oop_project_1\x64\debug\small_field_message.obj
c:\users\lenan\source\repos\oop_project_1\x64\debug\oop_project_1.exe
c:\users\lenan\source\repos\oop_project_1\oop_project_1\x64\debug\oop_project_1.ilk
c:\users\lenan\source\repos\oop_project_1\x64\debug\oop_project_1.pdb
c:\users\lenan\source\repos\oop_project_1\oop_project_1\x64\debug\oop_project_1.tlog\cl.command.1.tlog
c:\users\lenan\source\repos\oop_project_1\oop_project_1\x64\debug\oop_project_1.tlog\cl.read.1.tlog
c:\users\lenan\source\repos\oop_project_1\oop_project_1\x64\debug\oop_project_1.tlog\cl.write.1.tlog
c:\users\lenan\source\repos\oop_project_1\oop_project_1\x64\debug\oop_project_1.tlog\link.command.1.tlog
c:\users\lenan\source\repos\oop_project_1\oop_project_1\x64\debug\oop_project_1.tlog\link.read.1.tlog
c:\users\lenan\source\repos\oop_project_1\oop_project_1\x64\debug\oop_project_1.tlog\link.write.1.tlog
